TN:
SF:src\App.tsx
FN:5,App
FNF:1
FNH:1
FNDA:1,App
DA:6,1
LF:1
LH:1
BRF:0
BRH:0
end_of_record
TN:
SF:src\infrastructure\api\auth.service.ts
FN:5,(anonymous_0)
FN:6,(anonymous_1)
FN:8,(anonymous_2)
FN:10,(anonymous_3)
FN:10,(anonymous_4)
FN:12,(anonymous_5)
FN:13,(anonymous_6)
FN:15,(anonymous_7)
FN:16,(anonymous_8)
FNF:9
FNH:9
FNDA:1,(anonymous_0)
FNDA:1,(anonymous_1)
FNDA:1,(anonymous_2)
FNDA:1,(anonymous_3)
FNDA:1,(anonymous_4)
FNDA:1,(anonymous_5)
FNDA:1,(anonymous_6)
FNDA:1,(anonymous_7)
FNDA:1,(anonymous_8)
DA:4,3
DA:6,1
DA:8,1
DA:10,1
DA:13,1
DA:16,1
LF:6
LH:6
BRF:0
BRH:0
end_of_record
TN:
SF:src\infrastructure\api\client.ts
FN:12,setSelectedEcommerceId
FN:15,getSelectedEcommerceId
FN:19,(anonymous_2)
FN:30,(anonymous_3)
FN:31,(anonymous_4)
FNF:5
FNH:5
FNDA:8,setSelectedEcommerceId
FNDA:3,getSelectedEcommerceId
FNDA:3,(anonymous_2)
FNDA:1,(anonymous_3)
FNDA:2,(anonymous_4)
DA:3,3
DA:5,3
DA:11,3
DA:13,8
DA:16,3
DA:19,3
DA:20,3
DA:21,3
DA:22,1
DA:24,3
DA:25,1
DA:27,3
DA:30,3
DA:31,1
DA:33,2
DA:34,1
DA:35,1
DA:36,1
DA:38,2
LF:19
LH:19
BRDA:3,0,0,3
BRDA:3,0,1,0
BRDA:21,1,0,1
BRDA:21,1,1,2
BRDA:24,2,0,1
BRDA:24,2,1,2
BRDA:33,3,0,1
BRDA:33,3,1,1
BRDA:33,4,0,2
BRDA:33,4,1,2
BRF:10
BRH:9
end_of_record
TN:
SF:src\infrastructure\api\config.service.ts
FN:5,(anonymous_0)
FN:8,(anonymous_1)
FN:10,(anonymous_2)
FN:13,(anonymous_3)
FN:16,(anonymous_4)
FN:19,(anonymous_5)
FN:21,(anonymous_6)
FN:24,(anonymous_7)
FN:27,(anonymous_8)
FN:30,(anonymous_9)
FN:32,(anonymous_10)
FN:35,(anonymous_11)
FNF:12
FNH:12
FNDA:1,(anonymous_0)
FNDA:1,(anonymous_1)
FNDA:1,(anonymous_2)
FNDA:1,(anonymous_3)
FNDA:1,(anonymous_4)
FNDA:1,(anonymous_5)
FNDA:1,(anonymous_6)
FNDA:1,(anonymous_7)
FNDA:1,(anonymous_8)
FNDA:1,(anonymous_9)
FNDA:1,(anonymous_10)
FNDA:1,(anonymous_11)
DA:4,3
DA:6,1
DA:8,1
DA:11,1
DA:13,1
DA:17,1
DA:19,1
DA:22,1
DA:24,1
DA:28,1
DA:30,1
DA:33,1
DA:35,1
LF:13
LH:13
BRF:0
BRH:0
end_of_record
TN:
SF:src\infrastructure\api\ecommerces.service.ts
FN:12,(anonymous_0)
FN:15,(anonymous_1)
FN:17,(anonymous_2)
FN:18,(anonymous_3)
FN:20,(anonymous_4)
FN:21,(anonymous_5)
FN:23,(anonymous_6)
FN:26,(anonymous_7)
FN:29,(anonymous_8)
FN:32,(anonymous_9)
FN:34,(anonymous_10)
FN:37,(anonymous_11)
FN:39,(anonymous_12)
FNF:13
FNH:13
FNDA:2,(anonymous_0)
FNDA:2,(anonymous_1)
FNDA:1,(anonymous_2)
FNDA:1,(anonymous_3)
FNDA:1,(anonymous_4)
FNDA:1,(anonymous_5)
FNDA:1,(anonymous_6)
FNDA:1,(anonymous_7)
FNDA:1,(anonymous_8)
FNDA:1,(anonymous_9)
FNDA:1,(anonymous_10)
FNDA:1,(anonymous_11)
FNDA:1,(anonymous_12)
DA:11,3
DA:13,2
DA:15,2
DA:18,1
DA:21,1
DA:24,1
DA:26,1
DA:30,1
DA:32,1
DA:35,1
DA:37,1
DA:40,1
LF:12
LH:12
BRF:0
BRH:0
end_of_record
TN:
SF:src\infrastructure\api\logs.service.ts
FN:9,(anonymous_0)
FN:17,(anonymous_1)
FN:19,(anonymous_2)
FN:20,(anonymous_3)
FN:24,(anonymous_4)
FN:34,(anonymous_5)
FN:36,(anonymous_6)
FN:39,(anonymous_7)
FNF:8
FNH:8
FNDA:2,(anonymous_0)
FNDA:2,(anonymous_1)
FNDA:1,(anonymous_2)
FNDA:1,(anonymous_3)
FNDA:2,(anonymous_4)
FNDA:2,(anonymous_5)
FNDA:1,(anonymous_6)
FNDA:1,(anonymous_7)
DA:8,3
DA:15,2
DA:17,2
DA:20,1
DA:23,3
DA:30,2
DA:34,2
DA:37,1
DA:39,1
LF:9
LH:9
BRF:0
BRH:0
end_of_record
TN:
SF:src\infrastructure\api\roles.service.ts
FN:5,(anonymous_0)
FN:6,(anonymous_1)
FN:8,(anonymous_2)
FN:9,(anonymous_3)
FN:11,(anonymous_4)
FN:12,(anonymous_5)
FN:14,(anonymous_6)
FN:15,(anonymous_7)
FNF:8
FNH:8
FNDA:1,(anonymous_0)
FNDA:1,(anonymous_1)
FNDA:1,(anonymous_2)
FNDA:1,(anonymous_3)
FNDA:2,(anonymous_4)
FNDA:2,(anonymous_5)
FNDA:1,(anonymous_6)
FNDA:1,(anonymous_7)
DA:4,3
DA:6,1
DA:9,1
DA:12,2
DA:15,1
LF:5
LH:5
BRDA:12,0,0,1
BRDA:12,0,1,1
BRF:2
BRH:2
end_of_record
TN:
SF:src\infrastructure\api\rules.service.ts
FN:19,(anonymous_0)
FN:20,(anonymous_1)
FN:22,(anonymous_2)
FN:27,(anonymous_3)
FN:29,(anonymous_4)
FN:34,(anonymous_5)
FN:37,(anonymous_6)
FN:40,(anonymous_7)
FN:42,(anonymous_8)
FN:43,(anonymous_9)
FN:45,(anonymous_10)
FN:46,(anonymous_11)
FN:48,(anonymous_12)
FN:49,(anonymous_13)
FN:51,(anonymous_14)
FN:54,(anonymous_15)
FN:57,(anonymous_16)
FN:59,(anonymous_17)
FN:62,(anonymous_18)
FN:64,(anonymous_19)
FN:68,(anonymous_20)
FN:71,(anonymous_21)
FN:73,(anonymous_22)
FN:76,(anonymous_23)
FN:78,(anonymous_24)
FN:81,(anonymous_25)
FN:83,(anonymous_26)
FN:88,(anonymous_27)
FN:91,(anonymous_28)
FN:93,(anonymous_29)
FN:96,(anonymous_30)
FN:98,(anonymous_31)
FN:101,(anonymous_32)
FN:103,(anonymous_33)
FN:106,(anonymous_34)
FN:108,(anonymous_35)
FN:110,(anonymous_36)
FN:113,(anonymous_37)
FNF:38
FNH:38
FNDA:1,(anonymous_0)
FNDA:1,(anonymous_1)
FNDA:1,(anonymous_2)
FNDA:1,(anonymous_3)
FNDA:1,(anonymous_4)
FNDA:1,(anonymous_5)
FNDA:2,(anonymous_6)
FNDA:2,(anonymous_7)
FNDA:1,(anonymous_8)
FNDA:1,(anonymous_9)
FNDA:1,(anonymous_10)
FNDA:1,(anonymous_11)
FNDA:1,(anonymous_12)
FNDA:1,(anonymous_13)
FNDA:1,(anonymous_14)
FNDA:1,(anonymous_15)
FNDA:1,(anonymous_16)
FNDA:1,(anonymous_17)
FNDA:1,(anonymous_18)
FNDA:1,(anonymous_19)
FNDA:1,(anonymous_20)
FNDA:1,(anonymous_21)
FNDA:1,(anonymous_22)
FNDA:1,(anonymous_23)
FNDA:1,(anonymous_24)
FNDA:1,(anonymous_25)
FNDA:1,(anonymous_26)
FNDA:2,(anonymous_27)
FNDA:2,(anonymous_28)
FNDA:1,(anonymous_29)
FNDA:1,(anonymous_30)
FNDA:1,(anonymous_31)
FNDA:1,(anonymous_32)
FNDA:1,(anonymous_33)
FNDA:1,(anonymous_34)
FNDA:1,(anonymous_35)
FNDA:1,(anonymous_36)
FNDA:1,(anonymous_37)
DA:18,3
DA:20,1
DA:23,1
DA:27,1
DA:30,1
DA:34,1
DA:38,2
DA:40,2
DA:43,1
DA:46,1
DA:49,1
DA:51,1
DA:55,1
DA:57,1
DA:60,1
DA:62,1
DA:65,1
DA:69,1
DA:71,1
DA:74,1
DA:76,1
DA:79,1
DA:81,1
DA:84,1
DA:87,3
DA:89,2
DA:91,2
DA:94,1
DA:96,1
DA:99,1
DA:101,1
DA:104,1
DA:106,1
DA:108,1
DA:111,1
DA:113,1
LF:36
LH:36
BRF:0
BRH:0
end_of_record
TN:
SF:src\infrastructure\api\users.service.ts
FN:10,(anonymous_0)
FN:13,(anonymous_1)
FN:15,(anonymous_2)
FN:16,(anonymous_3)
FN:18,(anonymous_4)
FN:19,(anonymous_5)
FN:21,(anonymous_6)
FN:22,(anonymous_7)
FN:24,(anonymous_8)
FNF:9
FNH:9
FNDA:2,(anonymous_0)
FNDA:2,(anonymous_1)
FNDA:1,(anonymous_2)
FNDA:1,(anonymous_3)
FNDA:1,(anonymous_4)
FNDA:1,(anonymous_5)
FNDA:1,(anonymous_6)
FNDA:1,(anonymous_7)
FNDA:1,(anonymous_8)
DA:9,3
DA:11,2
DA:13,2
DA:16,1
DA:19,1
DA:22,1
DA:24,1
LF:7
LH:7
BRF:0
BRH:0
end_of_record
TN:
SF:src\infrastructure\store\auth.store.ts
FN:17,(anonymous_0)
FN:23,(anonymous_1)
FN:30,(anonymous_2)
FN:41,(anonymous_3)
FN:54,(anonymous_4)
FN:59,(anonymous_5)
FNF:6
FNH:6
FNDA:3,(anonymous_0)
FNDA:1,(anonymous_1)
FNDA:2,(anonymous_2)
FNDA:3,(anonymous_3)
FNDA:1,(anonymous_4)
FNDA:4,(anonymous_5)
DA:17,3
DA:24,1
DA:25,1
DA:26,1
DA:27,1
DA:31,2
DA:32,2
DA:36,2
DA:37,2
DA:38,2
DA:42,3
DA:43,3
DA:44,3
DA:45,2
DA:46,2
DA:48,1
DA:49,1
DA:50,1
DA:55,1
DA:56,1
DA:60,4
DA:61,4
DA:62,3
LF:23
LH:23
BRDA:61,0,0,1
BRDA:61,0,1,3
BRF:2
BRH:2
end_of_record
TN:
SF:src\infrastructure\store\sidebar.store.ts
FN:11,(anonymous_0)
FN:14,(anonymous_1)
FN:14,(anonymous_2)
FN:15,(anonymous_3)
FN:16,(anonymous_4)
FNF:5
FNH:5
FNDA:3,(anonymous_0)
FNDA:2,(anonymous_1)
FNDA:2,(anonymous_2)
FNDA:2,(anonymous_3)
FNDA:2,(anonymous_4)
DA:11,3
DA:14,2
DA:15,2
DA:16,2
LF:4
LH:4
BRF:0
BRH:0
end_of_record
TN:
SF:src\infrastructure\store\theme.store.ts
FN:12,getSystemTheme
FN:16,resolveTheme
FN:20,applyTheme
FN:28,(anonymous_3)
FN:32,(anonymous_4)
FN:39,(anonymous_5)
FN:46,(anonymous_6)
FNF:7
FNH:6
FNDA:4,getSystemTheme
FNDA:8,resolveTheme
FNDA:8,applyTheme
FNDA:3,(anonymous_3)
FNDA:5,(anonymous_4)
FNDA:2,(anonymous_5)
FNDA:0,(anonymous_6)
DA:13,4
DA:17,8
DA:21,8
DA:24,3
DA:25,3
DA:26,3
DA:28,3
DA:33,5
DA:34,5
DA:35,5
DA:36,5
DA:40,2
DA:41,2
DA:42,2
DA:46,3
DA:47,0
DA:48,0
DA:49,0
DA:50,0
DA:51,0
LF:20
LH:15
BRDA:13,0,0,0
BRDA:13,0,1,4
BRDA:17,1,0,4
BRDA:17,1,1,4
BRDA:24,2,0,3
BRDA:24,2,1,3
BRDA:41,3,0,1
BRDA:41,3,1,1
BRDA:48,4,0,0
BRDA:48,4,1,0
BRF:10
BRH:7
end_of_record
TN:
SF:src\lib\constants.ts
FNF:0
FNH:0
DA:1,13
DA:2,13
DA:3,13
LF:3
LH:3
BRF:0
BRH:0
end_of_record
TN:
SF:src\lib\utils.ts
FN:4,cn
FN:8,getApiErrorMessage
FN:13,getTimeAgo
FN:24,escapeCsvCell
FN:35,exportToCsv
FN:36,(anonymous_5)
FN:46,normalizeText
FNF:7
FNH:7
FNDA:3126,cn
FNDA:6,getApiErrorMessage
FNDA:8,getTimeAgo
FNDA:32,escapeCsvCell
FNDA:7,exportToCsv
FNDA:15,(anonymous_5)
FNDA:54,normalizeText
DA:5,3126
DA:9,6
DA:10,6
DA:14,8
DA:15,7
DA:16,7
DA:17,7
DA:18,4
DA:19,4
DA:20,2
DA:21,2
DA:25,32
DA:26,3
DA:29,29
DA:30,1
DA:32,28
DA:36,15
DA:37,7
DA:38,7
DA:39,7
DA:40,7
DA:41,7
DA:42,7
DA:43,7
DA:47,54
LF:25
LH:25
BRDA:8,0,0,5
BRDA:10,1,0,6
BRDA:10,1,1,5
BRDA:14,2,0,1
BRDA:14,2,1,7
BRDA:17,3,0,3
BRDA:17,3,1,4
BRDA:19,4,0,2
BRDA:19,4,1,2
BRDA:25,5,0,3
BRDA:25,5,1,29
BRDA:25,6,0,32
BRDA:25,6,1,31
BRDA:25,6,2,30
BRDA:25,6,3,29
BRDA:29,7,0,1
BRDA:29,7,1,28
BRF:17
BRH:17
end_of_record
TN:
SF:src\presentation\components\layout\AppLayout.tsx
FN:8,AppLayout
FN:12,(anonymous_1)
FN:18,(anonymous_2)
FN:19,(anonymous_3)
FN:23,(anonymous_4)
FNF:5
FNH:4
FNDA:4,AppLayout
FNDA:4,(anonymous_1)
FNDA:4,(anonymous_2)
FNDA:0,(anonymous_3)
FNDA:4,(anonymous_4)
DA:9,4
DA:10,4
DA:12,4
DA:13,4
DA:14,2
DA:18,4
DA:19,4
DA:20,0
DA:22,4
DA:23,4
DA:26,4
DA:28,3
DA:29,2
DA:41,1
LF:14
LH:13
BRDA:13,0,0,2
BRDA:13,0,1,2
BRDA:13,1,0,4
BRDA:13,1,1,3
BRDA:26,2,0,1
BRDA:26,2,1,3
BRDA:28,3,0,2
BRDA:28,3,1,1
BRDA:28,4,0,3
BRDA:28,4,1,2
BRF:10
BRH:10
end_of_record
TN:
SF:src\presentation\components\layout\navigation.config.ts
FNF:0
FNH:0
DA:19,3
DA:29,3
LF:2
LH:2
BRF:0
BRH:0
end_of_record
TN:
SF:src\presentation\components\layout\sidebar\Sidebar.tsx
FN:10,Sidebar
FN:15,(anonymous_1)
FN:24,(anonymous_2)
FN:39,(anonymous_3)
FN:45,(anonymous_4)
FNF:5
FNH:4
FNDA:6,Sidebar
FNDA:42,(anonymous_1)
FNDA:1,(anonymous_2)
FNDA:38,(anonymous_3)
FNDA:0,(anonymous_4)
DA:11,6
DA:12,6
DA:13,6
DA:15,6
DA:16,42
DA:19,6
DA:24,1
DA:40,38
DA:45,0
LF:9
LH:8
BRDA:16,0,0,42
BRDA:16,0,1,24
BRDA:16,0,2,24
BRDA:21,1,0,6
BRDA:21,1,1,2
BRDA:32,2,0,2
BRDA:32,2,1,4
BRDA:33,3,0,0
BRDA:33,3,1,6
BRF:9
BRH:8
end_of_record
TN:
SF:src\presentation\components\layout\sidebar\SidebarFooter.tsx
FN:6,SidebarFooter
FN:22,(anonymous_1)
FN:29,(anonymous_2)
FNF:3
FNH:1
FNDA:10,SidebarFooter
FNDA:0,(anonymous_1)
FNDA:0,(anonymous_2)
DA:7,10
DA:8,10
DA:9,10
DA:11,10
DA:22,0
DA:29,0
LF:6
LH:4
BRDA:17,0,0,10
BRDA:17,0,1,1
BRDA:18,1,0,0
BRDA:18,1,1,10
BRDA:25,2,0,10
BRDA:25,2,1,9
BRDA:32,3,0,1
BRDA:32,3,1,9
BRF:8
BRH:7
end_of_record
TN:
SF:src\presentation\components\layout\sidebar\SidebarHeader.tsx
FN:4,SidebarHeader
FN:20,(anonymous_1)
FNF:2
FNH:2
FNDA:9,SidebarHeader
FNDA:1,(anonymous_1)
DA:5,9
DA:7,9
DA:20,1
LF:3
LH:3
BRDA:13,0,0,9
BRDA:13,0,1,8
BRF:2
BRH:2
end_of_record
TN:
SF:src\presentation\components\layout\sidebar\SidebarNavItem.tsx
FN:12,SidebarNavItem
FNF:1
FNH:1
FNDA:43,SidebarNavItem
DA:13,43
LF:1
LH:1
BRDA:18,0,0,43
BRDA:18,0,1,2
BRDA:19,1,0,7
BRDA:19,1,1,36
BRDA:23,2,0,2
BRDA:23,2,1,41
BRDA:29,3,0,7
BRDA:29,3,1,36
BRDA:34,4,0,43
BRDA:34,4,1,41
BRF:10
BRH:10
end_of_record
TN:
SF:src\presentation\components\layout\topbar\ThemeToggle.tsx
FN:4,ThemeToggle
FN:7,(anonymous_1)
FNF:2
FNH:2
FNDA:2,ThemeToggle
FNDA:1,(anonymous_1)
DA:5,2
DA:7,2
DA:8,1
DA:11,2
LF:4
LH:4
BRDA:8,0,0,0
BRDA:8,0,1,1
BRDA:18,1,0,0
BRDA:18,1,1,2
BRF:4
BRH:2
end_of_record
TN:
SF:src\presentation\components\layout\topbar\TopBar.tsx
FN:8,TopBar
FN:18,(anonymous_1)
FNF:2
FNH:1
FNDA:4,TopBar
FNDA:0,(anonymous_1)
DA:9,4
DA:10,4
DA:11,4
DA:13,4
DA:18,0
LF:5
LH:4
BRDA:11,0,0,4
BRDA:11,0,1,0
BRDA:11,1,0,0
BRDA:11,1,1,0
BRF:4
BRH:1
end_of_record
TN:
SF:src\presentation\components\layout\topbar\UserMenu.tsx
FN:4,UserMenu
FNF:1
FNH:1
FNDA:3,UserMenu
DA:5,3
DA:7,3
LF:2
LH:2
BRF:0
BRH:0
end_of_record
TN:
SF:src\presentation\components\ui\Badge.tsx
FN:8,Badge
FNF:1
FNH:1
FNDA:115,Badge
DA:9,115
LF:1
LH:1
BRDA:8,0,0,2
BRF:1
BRH:1
end_of_record
TN:
SF:src\presentation\components\ui\Button.tsx
FN:11,(anonymous_0)
FNF:1
FNH:1
FNDA:546,(anonymous_0)
DA:11,47
DA:13,546
DA:41,47
LF:3
LH:3
BRDA:12,0,0,251
BRDA:12,1,0,312
BRDA:16,2,0,546
BRDA:16,2,1,508
BRDA:35,3,0,6
BRDA:35,3,1,540
BRF:6
BRH:6
end_of_record
TN:
SF:src\presentation\components\ui\Card.tsx
FN:4,(anonymous_0)
FN:9,(anonymous_1)
FN:14,(anonymous_2)
FN:19,(anonymous_3)
FN:24,(anonymous_4)
FN:29,(anonymous_5)
FN:35,CardSkeleton
FNF:7
FNH:7
FNDA:154,(anonymous_0)
FNDA:125,(anonymous_1)
FNDA:125,(anonymous_2)
FNDA:101,(anonymous_3)
FNDA:125,(anonymous_4)
FNDA:1,(anonymous_5)
FNDA:5,CardSkeleton
DA:4,45
DA:5,154
DA:7,45
DA:9,45
DA:10,125
DA:12,45
DA:14,45
DA:15,125
DA:17,45
DA:19,45
DA:20,101
DA:22,45
DA:24,45
DA:25,125
DA:27,45
DA:29,45
DA:30,1
DA:32,45
DA:36,5
LF:19
LH:19
BRF:0
BRH:0
end_of_record
TN:
SF:src\presentation\components\ui\EmptyState.tsx
FN:11,EmptyState
FNF:1
FNH:1
FNDA:26,EmptyState
DA:12,26
LF:1
LH:1
BRDA:14,0,0,26
BRDA:14,0,1,19
BRDA:20,1,0,26
BRDA:20,1,1,21
BRDA:25,2,0,26
BRDA:25,2,1,19
BRF:6
BRH:6
end_of_record
TN:
SF:src\presentation\components\ui\MetricCard.tsx
FN:14,MetricCard
FNF:1
FNH:1
FNDA:6,MetricCard
DA:15,6
LF:1
LH:1
BRDA:24,0,0,6
BRDA:24,0,1,2
BRDA:26,1,0,1
BRDA:26,1,1,1
BRDA:34,2,0,1
BRDA:34,2,1,1
BRDA:37,3,0,1
BRDA:37,3,1,1
BRF:8
BRH:8
end_of_record
TN:
SF:src\presentation\components\ui\PageHeader.tsx
FN:7,PageHeader
FNF:1
FNH:1
FNDA:45,PageHeader
DA:8,45
LF:1
LH:1
BRDA:14,0,0,45
BRDA:14,0,1,43
BRDA:18,1,0,45
BRDA:18,1,1,32
BRF:4
BRH:4
end_of_record
TN:
SF:src\presentation\components\ui\Skeleton.tsx
FN:7,Skeleton
FNF:1
FNH:1
FNDA:3,Skeleton
DA:8,3
LF:1
LH:1
BRF:0
BRH:0
end_of_record
TN:
SF:src\presentation\components\ui\StatusBadge.tsx
FN:9,StatusBadge
FNF:1
FNH:1
FNDA:38,StatusBadge
DA:10,38
LF:1
LH:1
BRDA:9,0,0,37
BRDA:9,1,0,37
BRDA:11,2,0,31
BRDA:11,2,1,7
BRDA:12,3,0,31
BRDA:12,3,1,7
BRF:6
BRH:6
end_of_record
TN:
SF:src\presentation\components\ui\forms\Input.tsx
FN:9,(anonymous_0)
FNF:1
FNH:1
FNDA:393,(anonymous_0)
DA:9,44
DA:11,393
DA:12,393
DA:35,44
LF:4
LH:4
BRDA:11,0,0,393
BRDA:11,0,1,392
BRDA:13,1,0,388
BRDA:13,1,1,5
BRDA:13,2,0,393
BRDA:13,2,1,7
BRDA:14,3,0,393
BRDA:14,3,1,386
BRDA:24,4,0,393
BRDA:24,4,1,3
BRDA:30,5,0,393
BRDA:30,5,1,3
BRF:12
BRH:12
end_of_record
TN:
SF:src\presentation\components\ui\forms\SearchInput.tsx
FN:11,SearchInput
FN:12,(anonymous_1)
FN:25,(anonymous_2)
FNF:3
FNH:3
FNDA:22,SearchInput
FNDA:2,(anonymous_1)
FNDA:2,(anonymous_2)
DA:12,22
DA:13,2
DA:14,2
DA:17,22
DA:25,2
LF:5
LH:5
BRDA:11,0,0,6
BRF:1
BRH:1
end_of_record
TN:
SF:src\presentation\components\ui\forms\Select.tsx
FN:16,(anonymous_0)
FN:37,(anonymous_1)
FNF:2
FNH:2
FNDA:91,(anonymous_0)
FNDA:261,(anonymous_1)
DA:16,44
DA:18,91
DA:19,91
DA:38,261
DA:46,44
LF:5
LH:5
BRDA:18,0,0,91
BRDA:18,0,1,90
BRDA:20,1,0,71
BRDA:20,1,1,20
BRDA:20,2,0,91
BRDA:20,2,1,22
BRDA:21,3,0,91
BRDA:21,3,1,69
BRDA:31,4,0,91
BRDA:31,4,1,2
BRDA:36,5,0,91
BRDA:36,5,1,1
BRDA:41,6,0,91
BRDA:41,6,1,2
BRF:14
BRH:14
end_of_record
TN:
SF:src\presentation\components\ui\forms\Switch.tsx
FN:11,Switch
FN:18,(anonymous_1)
FNF:2
FNH:2
FNDA:28,Switch
FNDA:3,(anonymous_1)
DA:12,28
DA:18,3
LF:2
LH:2
BRDA:21,0,0,19
BRDA:21,0,1,9
BRDA:29,1,0,19
BRDA:29,1,1,9
BRF:4
BRH:4
end_of_record
TN:
SF:src\presentation\components\ui\navigation\Pagination.tsx
FN:10,Pagination
FN:22,(anonymous_1)
FN:32,(anonymous_2)
FNF:3
FNH:3
FNDA:7,Pagination
FNDA:1,(anonymous_1)
FNDA:1,(anonymous_2)
DA:11,7
DA:13,6
DA:22,1
DA:32,1
LF:4
LH:4
BRDA:11,0,0,1
BRDA:11,0,1,6
BRF:2
BRH:2
end_of_record
TN:
SF:src\presentation\components\ui\navigation\PaginationFooter.tsx
FN:13,getPageNumbers
FN:15,(anonymous_1)
FN:44,PaginationFooter
FN:67,(anonymous_3)
FN:74,(anonymous_4)
FN:85,(anonymous_5)
FN:99,(anonymous_6)
FNF:7
FNH:7
FNDA:12,getPageNumbers
FNDA:46,(anonymous_1)
FNDA:34,PaginationFooter
FNDA:1,(anonymous_3)
FNDA:53,(anonymous_4)
FNDA:1,(anonymous_5)
FNDA:1,(anonymous_6)
DA:14,12
DA:15,46
DA:18,1
DA:19,1
DA:21,1
DA:23,1
DA:24,1
DA:27,1
DA:28,0
DA:31,1
DA:32,0
DA:35,1
DA:36,3
DA:37,1
DA:39,1
DA:41,1
DA:52,34
DA:54,12
DA:55,12
DA:56,12
DA:58,12
DA:67,1
DA:75,53
DA:85,1
DA:99,1
LF:25
LH:23
BRDA:14,0,0,11
BRDA:14,0,1,1
BRDA:27,1,0,0
BRDA:27,1,1,1
BRDA:31,2,0,0
BRDA:31,2,1,1
BRDA:35,3,0,1
BRDA:35,3,1,0
BRDA:37,4,0,1
BRDA:37,4,1,0
BRDA:50,5,0,34
BRDA:52,6,0,22
BRDA:52,6,1,12
BRDA:75,7,0,2
BRDA:75,7,1,51
BRDA:86,8,0,12
BRDA:86,8,1,39
BRDA:89,9,0,12
BRDA:89,9,1,39
BRF:19
BRH:15
end_of_record
TN:
SF:src\presentation\components\ui\navigation\Tabs.tsx
FN:18,Tabs
FN:22,(anonymous_1)
FN:25,(anonymous_2)
FN:44,(anonymous_3)
FN:47,(anonymous_4)
FN:69,TabPanels
FN:73,useTabState
FNF:7
FNH:7
FNDA:21,Tabs
FNDA:42,(anonymous_1)
FNDA:3,(anonymous_2)
FNDA:11,(anonymous_3)
FNDA:1,(anonymous_4)
FNDA:3,TabPanels
FNDA:3,useTabState
DA:19,21
DA:20,15
DA:23,42
DA:25,3
DA:41,6
DA:45,11
DA:47,1
DA:70,3
DA:74,3
DA:75,3
LF:10
LH:10
BRDA:18,0,0,6
BRDA:19,1,0,15
BRDA:19,1,1,6
BRDA:28,2,0,15
BRDA:28,2,1,27
BRDA:50,3,0,6
BRDA:50,3,1,5
BRF:7
BRH:7
end_of_record
TN:
SF:src\presentation\components\ui\overlays\FormModal.tsx
FN:16,FormModal
FNF:1
FNH:1
FNDA:115,FormModal
DA:20,115
LF:1
LH:1
BRDA:18,0,0,7
BRDA:18,1,0,8
BRDA:18,2,0,7
BRF:3
BRH:3
end_of_record
TN:
SF:src\presentation\components\ui\overlays\Modal.tsx
FN:16,Modal
FN:17,(anonymous_1)
FN:18,(anonymous_2)
FN:25,(anonymous_3)
FN:87,ConfirmModal
FNF:5
FNH:5
FNDA:286,Modal
FNDA:262,(anonymous_1)
FNDA:36,(anonymous_2)
FNDA:262,(anonymous_3)
FNDA:70,ConfirmModal
DA:17,286
DA:18,262
DA:19,36
DA:21,262
DA:22,103
DA:23,103
DA:25,262
DA:26,262
DA:27,262
DA:31,286
DA:33,286
DA:96,70
LF:12
LH:12
BRDA:16,0,0,214
BRDA:19,1,0,1
BRDA:19,1,1,35
BRDA:21,2,0,103
BRDA:21,2,1,159
BRDA:35,3,0,286
BRDA:35,3,1,127
BRDA:56,4,0,127
BRDA:56,4,1,100
BRDA:93,5,0,61
BRF:10
BRH:10
end_of_record
TN:
SF:src\presentation\components\ui\tables\DataTable.tsx
FN:21,DataTable
FN:33,(anonymous_1)
FN:53,(anonymous_2)
FN:67,(anonymous_3)
FN:70,(anonymous_4)
FN:80,(anonymous_5)
FNF:6
FNH:6
FNDA:9,DataTable
FNDA:5,(anonymous_1)
FNDA:7,(anonymous_2)
FNDA:12,(anonymous_3)
FNDA:1,(anonymous_4)
FNDA:14,(anonymous_5)
DA:30,9
DA:31,1
DA:34,5
DA:40,8
DA:41,2
DA:48,6
DA:54,7
DA:68,12
DA:70,1
DA:81,14
LF:10
LH:10
BRDA:26,0,0,8
BRDA:30,1,0,1
BRDA:30,1,1,8
BRDA:40,2,0,2
BRDA:40,2,1,6
BRDA:73,3,0,6
BRDA:73,3,1,6
BRDA:76,4,0,12
BRDA:76,4,1,2
BRF:9
BRH:9
end_of_record
TN:
SF:src\presentation\components\ui\tables\Table.tsx
FN:4,(anonymous_0)
FN:11,(anonymous_1)
FN:16,(anonymous_2)
FN:21,(anonymous_3)
FN:26,(anonymous_4)
FN:31,(anonymous_5)
FNF:6
FNH:6
FNDA:53,(anonymous_0)
FNDA:52,(anonymous_1)
FNDA:52,(anonymous_2)
FNDA:121,(anonymous_3)
FNDA:238,(anonymous_4)
FNDA:265,(anonymous_5)
DA:4,44
DA:5,53
DA:9,44
DA:11,44
DA:12,52
DA:14,44
DA:16,44
DA:17,52
DA:19,44
DA:21,44
DA:22,121
DA:24,44
DA:26,44
DA:27,238
DA:29,44
DA:31,44
DA:32,265
DA:34,44
LF:18
LH:18
BRF:0
BRH:0
end_of_record
TN:
SF:src\presentation\components\ui\tables\TableLoading.tsx
FN:6,TableLoading
FN:9,(anonymous_1)
FNF:2
FNH:2
FNDA:7,TableLoading
FNDA:30,(anonymous_1)
DA:7,7
DA:10,30
LF:2
LH:2
BRDA:6,0,0,2
BRDA:6,1,0,4
BRF:2
BRH:2
end_of_record
TN:
SF:src\presentation\hooks\useRoles.ts
FN:4,useHasRole
FN:9,useIsAdmin
FNF:2
FNH:2
FNDA:16,useHasRole
FNDA:8,useIsAdmin
DA:5,16
DA:6,16
DA:10,8
LF:3
LH:3
BRDA:6,0,0,6
BRDA:6,0,1,10
BRF:2
BRH:2
end_of_record
TN:
SF:src\presentation\pages\audit\AuditFilters.tsx
FN:22,AuditFilters
FN:34,(anonymous_1)
FN:37,(anonymous_2)
FN:37,(anonymous_3)
FN:44,(anonymous_4)
FNF:5
FNH:5
FNDA:8,AuditFilters
FNDA:1,(anonymous_1)
FNDA:10,(anonymous_2)
FNDA:5,(anonymous_3)
FNDA:1,(anonymous_4)
DA:4,2
DA:29,8
DA:34,1
DA:37,10
DA:44,1
LF:5
LH:5
BRF:0
BRH:0
end_of_record
TN:
SF:src\presentation\pages\audit\AuditTable.tsx
FN:22,formatValue
FN:23,(anonymous_1)
FN:25,(anonymous_2)
FN:30,DiffRenderer
FN:45,AuditTable
FN:58,(anonymous_5)
FNF:6
FNH:6
FNDA:8,formatValue
FNDA:8,(anonymous_1)
FNDA:8,(anonymous_2)
FNDA:8,DiffRenderer
FNDA:8,AuditTable
FNDA:8,(anonymous_5)
DA:15,2
DA:23,8
DA:24,8
DA:25,8
DA:26,8
DA:31,8
DA:32,7
DA:46,8
DA:59,8
LF:9
LH:9
BRDA:23,0,0,8
BRDA:23,0,1,8
BRDA:24,1,0,0
BRDA:24,1,1,8
BRDA:31,2,0,1
BRDA:31,2,1,7
BRDA:31,3,0,8
BRDA:31,3,1,7
BRDA:34,4,0,7
BRDA:34,4,1,1
BRDA:35,5,0,7
BRDA:35,5,1,7
BRDA:63,6,0,8
BRDA:63,6,1,7
BRDA:63,6,2,0
BRDA:65,7,0,8
BRDA:65,7,1,0
BRF:17
BRH:14
end_of_record
TN:
SF:src\presentation\pages\audit\index.tsx
FN:12,AuditPage
FNF:1
FNH:1
FNDA:3,AuditPage
DA:18,3
DA:20,3
LF:2
LH:2
BRDA:37,0,0,1
BRDA:37,0,1,2
BRDA:39,1,0,2
BRDA:39,1,1,0
BRF:4
BRH:3
end_of_record
TN:
SF:src\presentation\pages\audit\useAudit.ts
FN:7,useAudit
FN:18,(anonymous_1)
FN:37,(anonymous_2)
FN:38,(anonymous_3)
FN:38,(anonymous_4)
FN:39,(anonymous_5)
FN:41,(anonymous_6)
FN:43,(anonymous_7)
FN:46,(anonymous_8)
FN:50,(anonymous_9)
FN:55,(anonymous_10)
FNF:11
FNH:9
FNDA:21,useAudit
FNDA:11,(anonymous_1)
FNDA:8,(anonymous_2)
FNDA:8,(anonymous_3)
FNDA:0,(anonymous_4)
FNDA:8,(anonymous_5)
FNDA:8,(anonymous_6)
FNDA:0,(anonymous_7)
FNDA:11,(anonymous_8)
FNDA:1,(anonymous_9)
FNDA:1,(anonymous_10)
DA:5,1
DA:8,21
DA:9,21
DA:10,21
DA:11,21
DA:12,21
DA:13,21
DA:14,21
DA:15,21
DA:16,21
DA:18,21
DA:19,11
DA:20,11
DA:21,11
DA:27,11
DA:28,11
DA:29,11
DA:33,11
DA:37,21
DA:38,8
DA:39,8
DA:40,8
DA:41,8
DA:42,8
DA:46,21
DA:47,11
DA:50,21
DA:51,1
DA:52,1
DA:55,21
DA:56,1
DA:57,1
DA:60,21
LF:33
LH:33
BRDA:18,0,0,11
BRDA:24,1,0,11
BRDA:24,1,1,10
BRDA:25,2,0,11
BRDA:25,2,1,10
BRF:5
BRH:5
end_of_record
TN:
SF:src\presentation\pages\dashboard\MetricsGrid.tsx
FN:12,MetricCardItem
FN:31,MetricsGrid
FNF:2
FNH:2
FNDA:24,MetricCardItem
FNDA:6,MetricsGrid
DA:13,24
DA:32,6
LF:2
LH:2
BRDA:36,0,0,6
BRDA:36,0,1,4
BRDA:42,1,0,6
BRDA:42,1,1,4
BRDA:48,2,0,6
BRDA:48,2,1,4
BRDA:54,3,0,6
BRDA:54,3,1,4
BRF:8
BRH:8
end_of_record
TN:
SF:src\presentation\pages\dashboard\RecentActivity.tsx
FN:8,RecentActivity
FN:18,(anonymous_1)
FNF:2
FNH:2
FNDA:5,RecentActivity
FNDA:2,(anonymous_1)
DA:9,5
DA:19,2
LF:2
LH:2
BRDA:17,0,0,1
BRDA:17,0,1,4
BRF:2
BRH:2
end_of_record
TN:
SF:src\presentation\pages\dashboard\RevenueChart.tsx
FN:17,RevenueChart
FN:42,(anonymous_1)
FNF:2
FNH:1
FNDA:5,RevenueChart
FNDA:0,(anonymous_1)
DA:18,5
DA:42,0
LF:2
LH:1
BRF:0
BRH:0
end_of_record
TN:
SF:src\presentation\pages\dashboard\index.tsx
FN:7,DashboardPage
FN:14,(anonymous_1)
FNF:2
FNH:2
FNDA:3,DashboardPage
FNDA:4,(anonymous_1)
DA:8,3
DA:10,3
DA:11,1
DA:15,4
DA:22,2
LF:5
LH:5
BRDA:10,0,0,1
BRDA:10,0,1,2
BRF:2
BRH:2
end_of_record
TN:
SF:src\presentation\pages\dashboard\useDashboardData.ts
FN:26,useDashboardData
FN:32,(anonymous_1)
FN:33,load
FN:36,(anonymous_3)
FN:37,(anonymous_4)
FN:38,(anonymous_5)
FN:39,(anonymous_6)
FN:47,(anonymous_7)
FN:48,(anonymous_8)
FN:54,(anonymous_9)
FN:58,(anonymous_10)
FN:68,(anonymous_11)
FN:76,(anonymous_12)
FN:77,(anonymous_13)
FNF:14
FNH:10
FNDA:6,useDashboardData
FNDA:3,(anonymous_1)
FNDA:3,load
FNDA:0,(anonymous_3)
FNDA:0,(anonymous_4)
FNDA:0,(anonymous_5)
FNDA:0,(anonymous_6)
FNDA:6,(anonymous_7)
FNDA:6,(anonymous_8)
FNDA:3,(anonymous_9)
FNDA:6,(anonymous_10)
FNDA:36,(anonymous_11)
FNDA:6,(anonymous_12)
FNDA:6,(anonymous_13)
DA:5,1
DA:27,6
DA:28,6
DA:29,6
DA:30,6
DA:32,6
DA:34,3
DA:35,3
DA:36,0
DA:37,0
DA:38,0
DA:39,0
DA:42,3
DA:43,3
DA:44,3
DA:45,3
DA:47,6
DA:48,6
DA:50,3
DA:54,3
DA:57,3
DA:58,3
DA:59,6
DA:60,6
DA:61,6
DA:62,6
DA:63,6
DA:64,6
DA:67,3
DA:68,36
DA:75,3
DA:77,6
DA:78,6
DA:88,3
DA:91,3
DA:94,6
LF:36
LH:32
BRDA:42,0,0,3
BRDA:42,0,1,0
BRDA:43,1,0,3
BRDA:43,1,1,0
BRDA:44,2,0,3
BRDA:44,2,1,0
BRDA:45,3,0,3
BRDA:45,3,1,0
BRDA:47,4,0,6
BRDA:47,4,1,0
BRDA:59,5,0,6
BRDA:59,5,1,0
BRDA:59,5,2,0
BRDA:61,6,0,6
BRDA:61,6,1,6
BRDA:62,7,0,6
BRDA:62,7,1,0
BRDA:63,8,0,6
BRDA:63,8,1,0
BRDA:70,9,0,36
BRDA:70,9,1,30
BRDA:71,10,0,36
BRDA:71,10,1,30
BRDA:79,11,0,6
BRDA:79,11,1,0
BRDA:80,12,0,6
BRDA:80,12,1,0
BRDA:80,13,0,6
BRDA:80,13,1,0
BRDA:81,14,0,6
BRDA:81,14,1,0
BRF:31
BRH:18
end_of_record
TN:
SF:src\presentation\pages\discounts\ClassificationRuleModal.tsx
FN:28,ClassificationRuleModal
FN:47,(anonymous_1)
FN:50,(anonymous_2)
FN:51,(anonymous_3)
FN:53,(anonymous_4)
FNF:5
FNH:5
FNDA:27,ClassificationRuleModal
FNDA:1,(anonymous_1)
FNDA:1,(anonymous_2)
FNDA:3,(anonymous_3)
FNDA:1,(anonymous_4)
DA:11,3
DA:32,27
DA:47,1
DA:50,1
DA:51,3
DA:53,1
LF:6
LH:6
BRDA:36,0,0,1
BRDA:36,0,1,26
BRDA:39,1,0,1
BRDA:39,1,1,26
BRDA:41,2,0,27
BRDA:41,2,1,0
BRDA:41,2,2,0
BRF:7
BRH:5
end_of_record
TN:
SF:src\presentation\pages\discounts\ClassificationRulesPanel.tsx
FN:17,ClassificationRulesPanel
FN:26,(anonymous_1)
FN:45,(anonymous_2)
FN:53,(anonymous_3)
FN:56,(anonymous_4)
FNF:5
FNH:5
FNDA:11,ClassificationRulesPanel
FNDA:1,(anonymous_1)
FNDA:9,(anonymous_2)
FNDA:1,(anonymous_3)
FNDA:1,(anonymous_4)
DA:21,11
DA:26,1
DA:46,9
DA:53,1
DA:56,1
LF:5
LH:5
BRDA:25,0,0,11
BRDA:25,0,1,9
BRDA:31,1,0,2
BRDA:31,1,1,9
BRDA:41,2,0,9
BRDA:41,2,1,7
BRDA:51,3,0,9
BRDA:51,3,1,7
BRF:8
BRH:8
end_of_record
TN:
SF:src\presentation\pages\discounts\DiscountModals.tsx
FN:14,DiscountModals
FN:24,(anonymous_1)
FN:31,(anonymous_2)
FN:42,(anonymous_3)
FN:49,(anonymous_4)
FN:60,(anonymous_5)
FN:70,(anonymous_6)
FNF:7
FNH:1
FNDA:19,DiscountModals
FNDA:0,(anonymous_1)
FNDA:0,(anonymous_2)
FNDA:0,(anonymous_3)
FNDA:0,(anonymous_4)
FNDA:0,(anonymous_5)
FNDA:0,(anonymous_6)
DA:15,19
DA:24,0
DA:31,0
DA:42,0
DA:49,0
DA:60,0
DA:70,0
LF:7
LH:1
BRF:0
BRH:0
end_of_record
TN:
SF:src\presentation\pages\discounts\RuleCard.tsx
FN:17,RuleCard
FN:48,(anonymous_1)
FN:52,(anonymous_2)
FN:55,(anonymous_3)
FN:56,(anonymous_4)
FN:66,RulePriorityControl
FNF:6
FNH:6
FNDA:17,RuleCard
FNDA:1,(anonymous_1)
FNDA:1,(anonymous_2)
FNDA:1,(anonymous_3)
FNDA:1,(anonymous_4)
FNDA:17,RulePriorityControl
DA:21,17
DA:48,1
DA:52,1
DA:55,1
DA:56,1
DA:67,17
LF:6
LH:6
BRDA:25,0,0,16
BRDA:25,0,1,1
BRDA:35,1,0,17
BRDA:35,1,1,1
BRDA:47,2,0,16
BRDA:47,2,1,1
BRDA:50,3,0,17
BRDA:50,3,1,15
BRF:8
BRH:8
end_of_record
TN:
SF:src\presentation\pages\discounts\RuleFormModal.tsx
FN:24,RuleFormModal
FN:39,(anonymous_1)
FN:40,(anonymous_2)
FN:41,(anonymous_3)
FN:45,(anonymous_4)
FN:47,(anonymous_5)
FN:50,(anonymous_6)
FN:53,(anonymous_7)
FN:61,(anonymous_8)
FNF:9
FNH:9
FNDA:32,RuleFormModal
FNDA:1,(anonymous_1)
FNDA:1,(anonymous_2)
FNDA:1,(anonymous_3)
FNDA:3,(anonymous_4)
FNDA:1,(anonymous_5)
FNDA:4,(anonymous_6)
FNDA:8,(anonymous_7)
FNDA:1,(anonymous_8)
DA:28,32
DA:39,1
DA:40,1
DA:41,1
DA:45,3
DA:47,1
DA:51,4
DA:53,8
DA:54,4
DA:55,4
DA:61,1
LF:11
LH:11
BRDA:32,0,0,1
BRDA:32,0,1,31
BRDA:35,1,0,1
BRDA:35,1,1,31
BRDA:37,2,0,32
BRDA:37,2,1,0
BRDA:42,3,0,32
BRDA:42,3,1,2
BRDA:59,4,0,2
BRDA:59,4,1,2
BRDA:60,5,0,4
BRDA:60,5,1,4
BRDA:62,6,0,2
BRDA:62,6,1,2
BRF:14
BRH:13
end_of_record
TN:
SF:src\presentation\pages\discounts\RulesTab.tsx
FN:20,RulesTab
FN:52,(anonymous_1)
FNF:2
FNH:2
FNDA:16,RulesTab
FNDA:5,(anonymous_1)
DA:24,16
DA:53,5
LF:2
LH:2
BRDA:35,0,0,16
BRDA:35,0,1,15
BRDA:44,1,0,11
BRDA:44,1,1,5
BRDA:49,2,0,11
BRDA:49,2,1,0
BRF:6
BRH:5
end_of_record
TN:
SF:src\presentation\pages\discounts\TierAssignModal.tsx
FN:14,TierAssignModal
FN:24,(anonymous_1)
FN:32,(anonymous_2)
FN:39,(anonymous_3)
FNF:4
FNH:4
FNDA:25,TierAssignModal
FNDA:5,(anonymous_1)
FNDA:1,(anonymous_2)
FNDA:1,(anonymous_3)
DA:18,25
DA:25,5
DA:32,1
DA:39,1
LF:4
LH:4
BRDA:21,0,0,20
BRDA:21,0,1,5
BRDA:39,1,0,5
BRDA:39,1,1,1
BRF:4
BRH:4
end_of_record
TN:
SF:src\presentation\pages\discounts\TierCard.tsx
FN:23,TierCard
FN:35,(anonymous_1)
FN:44,(anonymous_2)
FN:49,(anonymous_3)
FN:53,(anonymous_4)
FN:56,(anonymous_5)
FNF:6
FNH:6
FNDA:15,TierCard
FNDA:1,(anonymous_1)
FNDA:3,(anonymous_2)
FNDA:1,(anonymous_3)
FNDA:1,(anonymous_4)
FNDA:1,(anonymous_5)
DA:7,3
DA:28,15
DA:35,1
DA:44,3
DA:49,1
DA:53,1
DA:56,1
LF:7
LH:7
BRDA:38,0,0,1
BRDA:38,0,1,14
BRDA:41,1,0,15
BRDA:41,1,1,1
BRDA:46,2,0,15
BRDA:46,2,1,14
BRDA:48,3,0,14
BRDA:48,3,1,2
BRDA:64,4,0,15
BRDA:64,4,1,1
BRF:10
BRH:10
end_of_record
TN:
SF:src\presentation\pages\discounts\TierFormModal.tsx
FN:20,TierFormModal
FN:35,(anonymous_1)
FN:36,(anonymous_2)
FN:37,(anonymous_3)
FNF:4
FNH:4
FNDA:26,TierFormModal
FNDA:1,(anonymous_1)
FNDA:1,(anonymous_2)
FNDA:1,(anonymous_3)
DA:24,26
DA:35,1
DA:36,1
DA:37,1
LF:4
LH:4
BRDA:28,0,0,2
BRDA:28,0,1,24
BRDA:31,1,0,2
BRDA:31,1,1,24
BRDA:33,2,0,26
BRDA:33,2,1,0
BRDA:33,2,2,0
BRF:7
BRH:5
end_of_record
TN:
SF:src\presentation\pages\discounts\TiersTab.tsx
FN:24,TiersTab
FN:57,(anonymous_1)
FN:57,(anonymous_2)
FNF:3
FNH:2
FNDA:5,TiersTab
FNDA:0,(anonymous_1)
FNDA:3,(anonymous_2)
DA:29,5
DA:57,0
DA:58,3
LF:3
LH:2
BRDA:40,0,0,5
BRDA:40,0,1,5
BRDA:48,1,0,2
BRDA:48,1,1,3
BRDA:53,2,0,2
BRDA:53,2,1,0
BRDA:63,3,0,3
BRDA:63,3,1,3
BRF:8
BRH:7
end_of_record
TN:
SF:src\presentation\pages\discounts\index.tsx
FN:22,DiscountsPage
FN:36,(anonymous_1)
FN:37,(anonymous_2)
FN:39,(anonymous_3)
FN:40,(anonymous_4)
FN:49,(anonymous_5)
FN:57,(anonymous_6)
FN:64,(anonymous_7)
FN:73,(anonymous_8)
FN:86,(anonymous_9)
FN:88,(anonymous_10)
FN:99,(anonymous_11)
FNF:12
FNH:5
FNDA:12,DiscountsPage
FNDA:8,(anonymous_1)
FNDA:0,(anonymous_2)
FNDA:1,(anonymous_3)
FNDA:0,(anonymous_4)
FNDA:0,(anonymous_5)
FNDA:0,(anonymous_6)
FNDA:15,(anonymous_7)
FNDA:0,(anonymous_8)
FNDA:0,(anonymous_9)
FNDA:0,(anonymous_10)
FNDA:2,(anonymous_11)
DA:16,1
DA:23,12
DA:24,12
DA:25,12
DA:26,12
DA:28,12
DA:29,12
DA:30,12
DA:31,12
DA:33,12
DA:34,12
DA:36,12
DA:37,8
DA:38,8
DA:39,1
DA:40,1
DA:41,1
DA:42,1
DA:43,0
DA:44,0
DA:46,0
DA:47,0
DA:51,7
DA:52,7
DA:57,12
DA:58,0
DA:59,0
DA:60,0
DA:61,0
DA:64,15
DA:66,12
DA:73,0
DA:86,0
DA:89,0
DA:99,2
LF:35
LH:24
BRDA:34,0,0,12
BRDA:34,0,1,1
BRDA:34,0,2,1
BRDA:38,1,0,1
BRDA:38,1,1,7
BRDA:40,2,0,1
BRDA:40,2,1,0
BRDA:42,3,0,0
BRDA:42,3,1,1
BRDA:64,4,0,12
BRDA:64,4,1,0
BRDA:72,5,0,12
BRDA:72,5,1,0
BRDA:80,6,0,12
BRDA:80,6,1,1
BRDA:80,6,2,0
BRDA:102,7,0,11
BRDA:102,7,1,1
BRF:18
BRH:13
end_of_record
TN:
SF:src\presentation\pages\discounts\useRules.ts
FN:19,useRules
FN:36,(anonymous_1)
FN:43,(anonymous_2)
FN:43,(anonymous_3)
FN:45,(anonymous_4)
FN:59,(anonymous_5)
FN:66,(anonymous_6)
FN:79,(anonymous_7)
FN:105,(anonymous_8)
FN:117,(anonymous_9)
FN:134,(anonymous_10)
FN:139,(anonymous_11)
FN:147,(anonymous_12)
FN:149,(anonymous_13)
FN:150,(anonymous_14)
FN:151,(anonymous_15)
FN:161,(anonymous_16)
FN:163,(anonymous_17)
FNF:18
FNH:18
FNDA:34,useRules
FNDA:5,(anonymous_1)
FNDA:5,(anonymous_2)
FNDA:5,(anonymous_3)
FNDA:5,(anonymous_4)
FNDA:3,(anonymous_5)
FNDA:2,(anonymous_6)
FNDA:3,(anonymous_7)
FNDA:3,(anonymous_8)
FNDA:1,(anonymous_9)
FNDA:2,(anonymous_10)
FNDA:2,(anonymous_11)
FNDA:1,(anonymous_12)
FNDA:1,(anonymous_13)
FNDA:2,(anonymous_14)
FNDA:1,(anonymous_15)
FNDA:3,(anonymous_16)
FNDA:1,(anonymous_17)
DA:17,1
DA:20,34
DA:21,34
DA:22,34
DA:24,34
DA:25,34
DA:26,34
DA:27,34
DA:28,34
DA:31,34
DA:32,34
DA:33,34
DA:34,34
DA:36,34
DA:37,5
DA:38,5
DA:39,5
DA:43,34
DA:45,34
DA:46,5
DA:47,5
DA:48,5
DA:52,5
DA:53,5
DA:54,5
DA:56,0
DA:59,34
DA:60,3
DA:61,3
DA:62,3
DA:63,3
DA:66,34
DA:67,2
DA:68,2
DA:69,2
DA:76,2
DA:79,34
DA:80,3
DA:81,3
DA:82,3
DA:89,3
DA:90,1
DA:91,1
DA:93,2
DA:94,1
DA:96,2
DA:97,2
DA:99,1
DA:101,3
DA:105,34
DA:106,3
DA:107,2
DA:108,2
DA:109,1
DA:110,1
DA:111,1
DA:113,1
DA:117,34
DA:118,1
DA:119,1
DA:126,1
DA:127,1
DA:129,0
DA:134,34
DA:135,2
DA:136,2
DA:137,2
DA:138,2
DA:139,2
DA:141,0
DA:142,0
DA:144,2
DA:147,34
DA:148,1
DA:149,1
DA:150,2
DA:151,1
DA:152,1
DA:153,1
DA:154,1
DA:155,1
DA:157,0
DA:161,34
DA:162,3
DA:163,1
DA:166,34
LF:86
LH:81
BRDA:39,0,0,5
BRDA:39,0,1,0
BRDA:47,1,0,5
BRDA:47,1,1,0
BRDA:62,2,0,3
BRDA:62,2,1,0
BRDA:71,3,0,2
BRDA:71,3,1,0
BRDA:84,4,0,3
BRDA:84,4,1,2
BRDA:89,5,0,1
BRDA:89,5,1,2
BRDA:106,6,0,1
BRDA:106,6,1,2
BRDA:126,7,0,1
BRDA:126,7,1,0
BRDA:152,8,0,1
BRDA:152,8,1,0
BRDA:162,9,0,2
BRDA:162,9,1,1
BRF:20
BRH:14
end_of_record
TN:
SF:src\presentation\pages\discounts\useTiers.ts
FN:22,useTiers
FN:41,(anonymous_1)
FN:49,(anonymous_2)
FN:55,(anonymous_3)
FN:65,(anonymous_4)
FN:93,(anonymous_5)
FN:105,(anonymous_6)
FN:116,(anonymous_7)
FN:119,(anonymous_8)
FN:121,(anonymous_9)
FN:125,(anonymous_10)
FN:134,(anonymous_11)
FN:141,(anonymous_12)
FN:153,(anonymous_13)
FN:178,(anonymous_14)
FNF:15
FNH:15
FNDA:50,useTiers
FNDA:6,(anonymous_1)
FNDA:3,(anonymous_2)
FNDA:2,(anonymous_3)
FNDA:3,(anonymous_4)
FNDA:3,(anonymous_5)
FNDA:2,(anonymous_6)
FNDA:6,(anonymous_7)
FNDA:5,(anonymous_8)
FNDA:1,(anonymous_9)
FNDA:4,(anonymous_10)
FNDA:2,(anonymous_11)
FNDA:2,(anonymous_12)
FNDA:3,(anonymous_13)
FNDA:2,(anonymous_14)
DA:19,1
DA:20,1
DA:23,50
DA:26,50
DA:27,50
DA:28,50
DA:29,50
DA:30,50
DA:33,50
DA:34,50
DA:35,50
DA:36,50
DA:37,50
DA:38,50
DA:39,50
DA:41,50
DA:42,6
DA:43,6
DA:44,5
DA:49,50
DA:50,3
DA:51,3
DA:52,3
DA:55,50
DA:56,2
DA:57,2
DA:62,2
DA:65,50
DA:66,3
DA:67,3
DA:68,3
DA:69,1
DA:74,1
DA:76,2
DA:82,1
DA:84,2
DA:85,2
DA:87,1
DA:89,3
DA:93,50
DA:94,3
DA:95,2
DA:96,2
DA:97,1
DA:98,1
DA:99,1
DA:101,1
DA:105,50
DA:106,2
DA:107,2
DA:108,1
DA:109,1
DA:111,1
DA:116,50
DA:117,6
DA:118,6
DA:119,5
DA:121,1
DA:125,50
DA:126,4
DA:127,1
DA:129,3
DA:130,3
DA:134,50
DA:135,2
DA:136,2
DA:137,2
DA:138,2
DA:141,50
DA:142,2
DA:143,2
DA:144,2
DA:150,2
DA:153,50
DA:154,3
DA:155,3
DA:156,3
DA:162,3
DA:163,1
DA:164,1
DA:166,2
DA:167,1
DA:169,2
DA:170,2
DA:172,1
DA:174,3
DA:178,50
DA:179,2
DA:180,2
DA:181,1
DA:182,1
DA:184,1
DA:188,50
LF:93
LH:93
BRDA:44,0,0,5
BRDA:44,0,1,0
BRDA:68,1,0,1
BRDA:68,1,1,2
BRDA:94,2,0,1
BRDA:94,2,1,2
BRDA:126,3,0,1
BRDA:126,3,1,3
BRDA:162,4,0,1
BRDA:162,4,1,2
BRF:10
BRH:9
end_of_record
TN:
SF:src\presentation\pages\login\LoginBranding.tsx
FN:3,LoginBranding
FNF:1
FNH:1
FNDA:9,LoginBranding
DA:4,9
LF:1
LH:1
BRF:0
BRH:0
end_of_record
TN:
SF:src\presentation\pages\login\LoginForm.tsx
FN:11,LoginForm
FN:16,(anonymous_1)
FN:28,(anonymous_2)
FN:39,(anonymous_3)
FN:45,(anonymous_4)
FNF:5
FNH:5
FNDA:47,LoginForm
FNDA:3,(anonymous_1)
FNDA:15,(anonymous_2)
FNDA:19,(anonymous_3)
FNDA:1,(anonymous_4)
DA:12,47
DA:13,47
DA:14,47
DA:16,47
DA:17,3
DA:18,3
DA:21,47
DA:28,15
DA:39,19
DA:45,1
LF:10
LH:10
BRDA:36,0,0,1
BRDA:36,0,1,46
BRDA:48,1,0,1
BRDA:48,1,1,46
BRDA:52,2,0,47
BRDA:52,2,1,2
BRF:6
BRH:6
end_of_record
TN:
SF:src\presentation\pages\login\index.tsx
FN:8,LoginPage
FN:15,(anonymous_1)
FNF:2
FNH:2
FNDA:8,LoginPage
FNDA:2,(anonymous_1)
DA:9,8
DA:10,8
DA:11,8
DA:13,8
DA:15,7
DA:16,2
DA:17,2
DA:18,2
DA:19,2
DA:21,1
DA:23,2
DA:27,7
LF:12
LH:12
BRDA:13,0,0,1
BRDA:13,0,1,7
BRF:2
BRH:2
end_of_record
TN:
SF:src\presentation\pages\not-found\index.tsx
FN:5,NotFoundPage
FNF:1
FNH:1
FNDA:3,NotFoundPage
DA:6,3
LF:1
LH:1
BRF:0
BRH:0
end_of_record
TN:
SF:src\presentation\pages\roles\PermissionAssignModal.tsx
FN:20,PermissionAssignModal
FN:33,(anonymous_1)
FN:54,(anonymous_2)
FN:60,(anonymous_3)
FN:61,(anonymous_4)
FN:67,(anonymous_5)
FNF:6
FNH:6
FNDA:11,PermissionAssignModal
FNDA:24,(anonymous_1)
FNDA:1,(anonymous_2)
FNDA:16,(anonymous_3)
FNDA:44,(anonymous_4)
FNDA:22,(anonymous_5)
DA:33,11
DA:35,24
DA:40,11
DA:54,1
DA:61,44
DA:62,16
DA:63,15
DA:68,22
LF:8
LH:8
BRDA:35,0,0,24
BRDA:35,0,1,2
BRDA:35,0,2,2
BRDA:62,1,0,1
BRDA:62,1,1,15
BRF:5
BRH:5
end_of_record
TN:
SF:src\presentation\pages\roles\PermissionItem.tsx
FN:11,PermissionItem
FN:14,(anonymous_1)
FNF:2
FNH:2
FNDA:26,PermissionItem
FNDA:1,(anonymous_1)
DA:12,26
DA:14,1
LF:2
LH:2
BRDA:17,0,0,8
BRDA:17,0,1,18
BRDA:25,1,0,8
BRDA:25,1,1,18
BRDA:28,2,0,26
BRDA:28,2,1,8
BRF:6
BRH:6
end_of_record
TN:
SF:src\presentation\pages\roles\PermissionModulesGrid.tsx
FN:9,PermissionModulesGrid
FN:18,(anonymous_1)
FN:19,(anonymous_2)
FNF:3
FNH:3
FNDA:6,PermissionModulesGrid
FNDA:6,(anonymous_1)
FNDA:18,(anonymous_2)
DA:10,6
DA:19,18
DA:20,6
LF:3
LH:3
BRF:0
BRH:0
end_of_record
TN:
SF:src\presentation\pages\roles\RoleRow.tsx
FN:16,RoleRow
FN:29,(anonymous_1)
FNF:2
FNH:2
FNDA:8,RoleRow
FNDA:1,(anonymous_1)
DA:17,8
DA:29,1
LF:2
LH:2
BRDA:21,0,0,7
BRDA:21,0,1,1
BRDA:22,1,0,7
BRDA:22,1,1,1
BRF:4
BRH:4
end_of_record
TN:
SF:src\presentation\pages\roles\RolesTable.tsx
FN:24,RolesTable
FN:50,(anonymous_1)
FNF:2
FNH:2
FNDA:7,RolesTable
FNDA:3,(anonymous_1)
DA:25,7
DA:51,3
LF:2
LH:2
BRDA:35,0,0,1
BRDA:35,0,1,6
BRF:2
BRH:2
end_of_record
TN:
SF:src\presentation\pages\roles\index.tsx
FN:7,RolesPermissionsPage
FN:34,(anonymous_1)
FNF:2
FNH:1
FNDA:3,RolesPermissionsPage
FNDA:0,(anonymous_1)
DA:13,3
DA:15,3
DA:34,0
LF:3
LH:2
BRF:0
BRH:0
end_of_record
TN:
SF:src\presentation\pages\roles\useRolesPermissions.ts
FN:6,useRolesPermissions
FN:17,(anonymous_1)
FN:33,(anonymous_2)
FN:37,(anonymous_3)
FN:41,(anonymous_4)
FN:49,(anonymous_5)
FN:64,(anonymous_6)
FN:65,(anonymous_7)
FN:66,(anonymous_8)
FN:70,(anonymous_9)
FNF:10
FNH:10
FNDA:18,useRolesPermissions
FNDA:7,(anonymous_1)
FNDA:6,(anonymous_2)
FNDA:3,(anonymous_3)
FNDA:3,(anonymous_4)
FNDA:2,(anonymous_5)
FNDA:2,(anonymous_6)
FNDA:2,(anonymous_7)
FNDA:2,(anonymous_8)
FNDA:36,(anonymous_9)
DA:7,18
DA:8,18
DA:9,18
DA:11,18
DA:12,18
DA:13,18
DA:14,18
DA:15,18
DA:17,18
DA:18,7
DA:19,7
DA:20,7
DA:24,7
DA:25,7
DA:27,0
DA:29,7
DA:33,18
DA:34,6
DA:37,18
DA:38,3
DA:39,3
DA:40,3
DA:41,3
DA:42,3
DA:43,3
DA:45,0
DA:49,18
DA:50,2
DA:51,1
DA:52,1
DA:53,1
DA:54,1
DA:55,1
DA:56,1
DA:58,0
DA:60,1
DA:64,18
DA:65,2
DA:66,2
DA:70,36
DA:72,18
LF:41
LH:38
BRDA:50,0,0,1
BRDA:50,0,1,1
BRDA:66,1,0,1
BRDA:66,1,1,1
BRF:4
BRH:4
end_of_record
TN:
SF:src\presentation\pages\settings\DiscountConfigSection.tsx
FN:28,DiscountConfigSection
FN:46,(anonymous_1)
FN:58,(anonymous_2)
FN:64,(anonymous_3)
FN:71,(anonymous_4)
FN:88,(anonymous_5)
FN:97,(anonymous_6)
FN:104,(anonymous_7)
FNF:8
FNH:8
FNDA:16,DiscountConfigSection
FNDA:1,(anonymous_1)
FNDA:1,(anonymous_2)
FNDA:1,(anonymous_3)
FNDA:1,(anonymous_4)
FNDA:30,(anonymous_5)
FNDA:1,(anonymous_6)
FNDA:1,(anonymous_7)
DA:33,16
DA:46,1
DA:58,1
DA:64,1
DA:71,1
DA:89,30
DA:97,1
DA:104,1
LF:8
LH:8
BRDA:53,0,0,15
BRDA:53,0,1,1
BRDA:59,1,0,15
BRDA:59,1,1,1
BRF:4
BRH:4
end_of_record
TN:
SF:src\presentation\pages\settings\PasswordForm.tsx
FN:18,PasswordForm
FN:30,(anonymous_1)
FN:31,(anonymous_2)
FN:36,(anonymous_3)
FNF:4
FNH:4
FNDA:13,PasswordForm
FNDA:1,(anonymous_1)
FNDA:1,(anonymous_2)
FNDA:1,(anonymous_3)
DA:22,13
DA:30,1
DA:31,1
DA:36,1
LF:4
LH:4
BRDA:38,0,0,1
BRDA:38,0,1,12
BRDA:38,1,0,13
BRDA:38,1,1,3
BRF:4
BRH:4
end_of_record
TN:
SF:src\presentation\pages\settings\ProfileForm.tsx
FN:15,ProfileForm
FN:25,(anonymous_1)
FNF:2
FNH:2
FNDA:11,ProfileForm
FNDA:1,(anonymous_1)
DA:16,11
DA:25,1
LF:2
LH:2
BRF:0
BRH:0
end_of_record
TN:
SF:src\presentation\pages\settings\index.tsx
FN:7,SettingsPage
FNF:1
FNH:1
FNDA:5,SettingsPage
DA:18,5
DA:20,5
LF:2
LH:2
BRDA:48,0,0,5
BRDA:48,0,1,1
BRDA:48,0,2,1
BRF:3
BRH:3
end_of_record
TN:
SF:src\presentation\pages\settings\useSettings.ts
FN:15,useSettings
FN:38,(anonymous_1)
FN:40,loadConfig
FN:52,(anonymous_3)
FN:60,(anonymous_4)
FN:74,(anonymous_5)
FN:94,(anonymous_6)
FN:99,(anonymous_7)
FN:102,(anonymous_8)
FN:110,(anonymous_9)
FN:119,(anonymous_10)
FNF:11
FNH:10
FNDA:35,useSettings
FNDA:14,(anonymous_1)
FNDA:14,loadConfig
FNDA:14,(anonymous_3)
FNDA:2,(anonymous_4)
FNDA:3,(anonymous_5)
FNDA:1,(anonymous_6)
FNDA:0,(anonymous_7)
FNDA:2,(anonymous_8)
FNDA:2,(anonymous_9)
FNDA:1,(anonymous_10)
DA:16,35
DA:17,35
DA:18,35
DA:20,35
DA:21,35
DA:22,35
DA:24,35
DA:25,35
DA:26,35
DA:27,35
DA:29,35
DA:30,35
DA:31,35
DA:32,35
DA:33,35
DA:34,35
DA:35,35
DA:36,35
DA:38,35
DA:39,14
DA:41,14
DA:42,14
DA:43,14
DA:44,14
DA:45,14
DA:46,14
DA:47,14
DA:48,14
DA:49,14
DA:52,14
DA:54,14
DA:57,14
DA:60,35
DA:61,2
DA:62,2
DA:63,2
DA:64,2
DA:65,1
DA:66,1
DA:68,1
DA:70,2
DA:74,35
DA:75,3
DA:76,3
DA:77,1
DA:78,1
DA:80,2
DA:81,2
DA:82,2
DA:83,1
DA:84,1
DA:85,1
DA:86,1
DA:88,1
DA:90,2
DA:94,35
DA:95,1
DA:96,1
DA:97,1
DA:98,0
DA:99,0
DA:102,35
DA:103,2
DA:104,2
DA:105,2
DA:110,2
DA:112,1
DA:114,1
DA:115,1
DA:119,1
DA:121,1
DA:123,0
DA:126,2
DA:130,35
LF:74
LH:71
BRDA:18,0,0,35
BRDA:18,0,1,0
BRDA:20,1,0,35
BRDA:20,1,1,0
BRDA:21,2,0,35
BRDA:21,2,1,0
BRDA:39,3,0,0
BRDA:39,3,1,14
BRDA:44,4,0,14
BRDA:44,4,1,0
BRDA:47,5,0,14
BRDA:47,5,1,0
BRDA:48,6,0,14
BRDA:48,6,1,0
BRDA:49,7,0,14
BRDA:49,7,1,0
BRDA:76,8,0,1
BRDA:76,8,1,2
BRDA:96,9,0,0
BRDA:96,9,1,1
BRDA:97,10,0,1
BRDA:97,10,1,0
BRDA:97,11,0,1
BRDA:97,11,1,1
BRF:24
BRH:14
end_of_record
TN:
SF:src\presentation\pages\stores\ApiKeysModal.tsx
FN:17,ApiKeysModal
FN:21,(anonymous_1)
FN:24,(anonymous_2)
FN:45,(anonymous_3)
FN:65,(anonymous_4)
FN:78,(anonymous_5)
FN:90,(anonymous_6)
FN:91,(anonymous_7)
FNF:8
FNH:5
FNDA:18,ApiKeysModal
FNDA:1,(anonymous_1)
FNDA:0,(anonymous_2)
FNDA:1,(anonymous_3)
FNDA:3,(anonymous_4)
FNDA:1,(anonymous_5)
FNDA:0,(anonymous_6)
FNDA:0,(anonymous_7)
DA:18,18
DA:19,18
DA:21,18
DA:22,1
DA:23,1
DA:24,1
DA:27,18
DA:45,1
DA:66,3
DA:78,1
DA:90,0
DA:92,0
DA:93,0
DA:94,0
LF:14
LH:10
BRDA:32,0,0,18
BRDA:32,0,1,8
BRDA:36,1,0,18
BRDA:36,1,1,3
BRDA:46,2,0,1
BRDA:46,2,1,2
BRDA:56,3,0,15
BRDA:56,3,1,3
BRDA:92,4,0,0
BRDA:92,4,1,0
BRF:10
BRH:8
end_of_record
TN:
SF:src\presentation\pages\stores\CreateStoreModal.tsx
FN:10,CreateStoreModal
FN:15,(anonymous_1)
FN:30,(anonymous_2)
FN:34,(anonymous_3)
FNF:4
FNH:4
FNDA:34,CreateStoreModal
FNDA:1,(anonymous_1)
FNDA:10,(anonymous_2)
FNDA:10,(anonymous_3)
DA:11,34
DA:12,34
DA:13,34
DA:15,34
DA:16,1
DA:17,1
DA:18,1
DA:19,1
DA:20,1
DA:21,1
DA:23,1
DA:27,34
DA:30,10
DA:34,10
LF:14
LH:14
BRF:0
BRH:0
end_of_record
TN:
SF:src\presentation\pages\stores\StoresTable.tsx
FN:22,StoresTable
FN:35,(anonymous_1)
FN:45,(anonymous_2)
FN:48,(anonymous_3)
FNF:4
FNH:4
FNDA:8,StoresTable
FNDA:8,(anonymous_1)
FNDA:1,(anonymous_2)
FNDA:1,(anonymous_3)
DA:23,8
DA:36,8
DA:45,1
DA:48,1
LF:4
LH:4
BRDA:49,0,0,7
BRDA:49,0,1,1
BRF:2
BRH:2
end_of_record
TN:
SF:src\presentation\pages\stores\index.tsx
FN:15,StoresPage
FN:30,(anonymous_1)
FN:47,(anonymous_2)
FN:73,(anonymous_3)
FN:81,(anonymous_4)
FNF:5
FNH:2
FNDA:7,StoresPage
FNDA:1,(anonymous_1)
FNDA:0,(anonymous_2)
FNDA:0,(anonymous_3)
FNDA:0,(anonymous_4)
DA:22,7
DA:24,7
DA:30,1
DA:47,0
DA:73,0
DA:81,0
LF:6
LH:3
BRDA:39,0,0,1
BRDA:39,0,1,6
BRDA:41,1,0,5
BRDA:41,1,1,1
BRF:4
BRH:4
end_of_record
TN:
SF:src\presentation\pages\stores\useStores.ts
FN:9,useStores
FN:21,(anonymous_1)
FN:35,(anonymous_2)
FN:39,(anonymous_3)
FN:50,(anonymous_4)
FN:61,(anonymous_5)
FN:72,(anonymous_6)
FN:85,(anonymous_7)
FN:89,(anonymous_8)
FN:89,(anonymous_9)
FNF:10
FNH:10
FNDA:22,useStores
FNDA:10,(anonymous_1)
FNDA:8,(anonymous_2)
FNDA:1,(anonymous_3)
FNDA:1,(anonymous_4)
FNDA:3,(anonymous_5)
FNDA:2,(anonymous_6)
FNDA:1,(anonymous_7)
FNDA:1,(anonymous_8)
FNDA:1,(anonymous_9)
DA:7,1
DA:10,22
DA:11,22
DA:12,22
DA:13,22
DA:14,22
DA:15,22
DA:17,22
DA:18,22
DA:19,22
DA:21,22
DA:22,10
DA:23,10
DA:24,10
DA:25,10
DA:26,10
DA:27,10
DA:31,10
DA:35,22
DA:36,8
DA:39,22
DA:40,1
DA:41,1
DA:42,1
DA:43,1
DA:44,1
DA:46,0
DA:50,22
DA:51,1
DA:52,1
DA:53,1
DA:54,1
DA:55,1
DA:57,0
DA:61,22
DA:62,3
DA:63,3
DA:64,3
DA:65,3
DA:66,3
DA:68,0
DA:72,22
DA:73,2
DA:74,1
DA:75,1
DA:76,1
DA:77,1
DA:78,1
DA:79,1
DA:81,0
DA:85,22
DA:86,1
DA:87,1
DA:88,1
DA:89,1
DA:90,1
DA:92,0
DA:96,22
LF:58
LH:53
BRDA:21,0,0,10
BRDA:51,1,0,1
BRDA:51,1,1,0
BRDA:54,2,0,0
BRDA:54,2,1,1
BRDA:73,3,0,1
BRDA:73,3,1,1
BRDA:86,4,0,0
BRDA:86,4,1,1
BRF:9
BRH:6
end_of_record
TN:
SF:src\presentation\pages\transactions\TransactionRow.tsx
FN:11,isCapped
FN:15,TransactionRow
FNF:2
FNH:2
FNDA:9,isCapped
FNDA:9,TransactionRow
DA:12,9
DA:16,9
LF:2
LH:2
BRDA:20,0,0,9
BRDA:20,0,1,1
BRDA:26,1,0,9
BRDA:26,1,1,0
BRDA:30,2,0,9
BRDA:30,2,1,1
BRDA:32,3,0,9
BRDA:32,3,1,1
BRF:8
BRH:7
end_of_record
TN:
SF:src\presentation\pages\transactions\TransactionsTable.tsx
FN:16,TransactionsTable
FN:37,(anonymous_1)
FNF:2
FNH:2
FNDA:6,TransactionsTable
FNDA:2,(anonymous_1)
DA:17,6
DA:38,2
LF:2
LH:2
BRDA:30,0,0,4
BRDA:30,0,1,2
BRF:2
BRH:2
end_of_record
TN:
SF:src\presentation\pages\transactions\TransactionsToolbar.tsx
FN:10,TransactionsToolbar
FNF:1
FNH:1
FNDA:7,TransactionsToolbar
DA:16,7
LF:1
LH:1
BRF:0
BRH:0
end_of_record
TN:
SF:src\presentation\pages\transactions\index.tsx
FN:13,TransactionsPage
FNF:1
FNH:1
FNDA:4,TransactionsPage
DA:18,4
DA:20,4
LF:2
LH:2
BRDA:42,0,0,1
BRDA:42,0,1,3
BRF:2
BRH:2
end_of_record
TN:
SF:src\presentation\pages\transactions\useTransactions.ts
FN:12,useTransactions
FN:21,(anonymous_1)
FN:40,(anonymous_2)
FN:44,(anonymous_3)
FN:49,(anonymous_4)
FN:63,(anonymous_5)
FNF:6
FNH:6
FNDA:14,useTransactions
FNDA:8,(anonymous_1)
FNDA:7,(anonymous_2)
FNDA:1,(anonymous_3)
FNDA:2,(anonymous_4)
FNDA:1,(anonymous_5)
DA:10,1
DA:13,14
DA:14,14
DA:15,14
DA:16,14
DA:17,14
DA:18,14
DA:19,14
DA:21,14
DA:22,8
DA:23,8
DA:24,8
DA:30,8
DA:31,8
DA:32,8
DA:36,8
DA:40,14
DA:41,7
DA:44,14
DA:45,1
DA:46,1
DA:49,14
DA:50,2
DA:51,1
DA:52,1
DA:54,1
DA:55,1
DA:61,1
DA:62,1
DA:63,1
DA:72,1
DA:73,1
DA:75,0
DA:79,14
LF:34
LH:33
BRDA:21,0,0,7
BRDA:25,1,0,8
BRDA:25,1,1,0
BRDA:26,2,0,8
BRDA:26,2,1,7
BRDA:50,3,0,1
BRDA:50,3,1,1
BRDA:56,4,0,1
BRDA:56,4,1,0
BRDA:57,5,0,1
BRDA:57,5,1,1
BRDA:64,6,0,1
BRDA:64,6,1,0
BRDA:65,7,0,1
BRDA:65,7,1,0
BRDA:66,8,0,1
BRDA:66,8,1,0
BRF:17
BRH:12
end_of_record
TN:
SF:src\presentation\pages\users\UserActionsMenu.tsx
FN:14,UserActionsMenu
FNF:1
FNH:1
FNDA:15,UserActionsMenu
DA:15,15
LF:1
LH:1
BRDA:20,0,0,15
BRDA:20,0,1,4
BRDA:32,1,0,3
BRDA:32,1,1,1
BRF:4
BRH:4
end_of_record
TN:
SF:src\presentation\pages\users\UserFormModal.tsx
FN:24,UserFormModal
FN:28,(anonymous_1)
FN:46,(anonymous_2)
FN:53,(anonymous_3)
FN:61,(anonymous_4)
FN:69,(anonymous_5)
FN:72,(anonymous_6)
FN:86,(anonymous_7)
FN:86,(anonymous_8)
FN:89,(anonymous_9)
FNF:10
FNH:8
FNDA:22,UserFormModal
FNDA:15,(anonymous_1)
FNDA:1,(anonymous_2)
FNDA:1,(anonymous_3)
FNDA:1,(anonymous_4)
FNDA:20,(anonymous_5)
FNDA:0,(anonymous_6)
FNDA:12,(anonymous_7)
FNDA:12,(anonymous_8)
FNDA:0,(anonymous_9)
DA:28,22
DA:29,22
DA:31,22
DA:46,1
DA:53,1
DA:61,1
DA:69,20
DA:72,0
DA:86,12
DA:89,0
LF:10
LH:8
BRDA:35,0,0,4
BRDA:35,0,1,18
BRDA:36,1,0,4
BRDA:36,1,1,18
BRDA:38,2,0,4
BRDA:38,2,1,18
BRDA:55,3,0,22
BRDA:55,3,1,18
BRDA:64,4,0,18
BRDA:64,4,1,4
BRDA:77,5,0,4
BRDA:77,5,1,0
BRDA:81,6,0,22
BRDA:81,6,1,13
BRDA:81,6,2,12
BRF:15
BRH:14
end_of_record
TN:
SF:src\presentation\pages\users\UserRow.tsx
FN:19,UserRow
FNF:1
FNH:1
FNDA:9,UserRow
DA:20,9
LF:1
LH:1
BRDA:25,0,0,9
BRDA:25,0,1,1
BRF:2
BRH:2
end_of_record
TN:
SF:src\presentation\pages\users\UsersTable.tsx
FN:22,UsersTable
FN:37,(anonymous_1)
FN:45,(anonymous_2)
FN:50,(anonymous_3)
FN:51,(anonymous_4)
FN:52,(anonymous_5)
FN:53,(anonymous_6)
FNF:7
FNH:3
FNDA:13,UsersTable
FNDA:5,(anonymous_1)
FNDA:5,(anonymous_2)
FNDA:0,(anonymous_3)
FNDA:0,(anonymous_4)
FNDA:0,(anonymous_5)
FNDA:0,(anonymous_6)
DA:23,13
DA:25,13
DA:38,5
DA:46,5
DA:50,0
DA:51,0
DA:52,0
DA:53,0
LF:8
LH:4
BRDA:36,0,0,1
BRDA:36,0,1,12
BRDA:44,1,0,4
BRDA:44,1,1,8
BRDA:50,2,0,0
BRDA:50,2,1,0
BRF:6
BRH:4
end_of_record
TN:
SF:src\presentation\pages\users\index.tsx
FN:15,UsersPage
FN:78,(anonymous_1)
FN:83,(anonymous_2)
FNF:3
FNH:1
FNDA:8,UsersPage
FNDA:0,(anonymous_1)
FNDA:0,(anonymous_2)
DA:16,8
DA:24,8
DA:26,8
DA:78,0
DA:83,0
LF:5
LH:3
BRDA:32,0,0,8
BRDA:32,0,1,0
BRF:2
BRH:1
end_of_record
TN:
SF:src\presentation\pages\users\useUsers.ts
FN:19,useUsers
FN:35,(anonymous_1)
FN:40,(anonymous_2)
FN:41,(anonymous_3)
FN:55,(anonymous_4)
FN:59,(anonymous_5)
FN:61,(anonymous_6)
FN:93,(anonymous_7)
FN:103,(anonymous_8)
FN:115,(anonymous_9)
FN:121,(anonymous_10)
FNF:11
FNH:9
FNDA:33,useUsers
FNDA:13,(anonymous_1)
FNDA:0,(anonymous_2)
FNDA:0,(anonymous_3)
FNDA:9,(anonymous_4)
FNDA:24,(anonymous_5)
FNDA:2,(anonymous_6)
FNDA:1,(anonymous_7)
FNDA:1,(anonymous_8)
FNDA:2,(anonymous_9)
FNDA:2,(anonymous_10)
DA:16,1
DA:17,1
DA:20,33
DA:21,33
DA:22,33
DA:23,33
DA:24,33
DA:25,33
DA:26,33
DA:27,33
DA:29,33
DA:30,33
DA:31,33
DA:32,33
DA:33,33
DA:35,33
DA:36,13
DA:37,13
DA:38,13
DA:40,0
DA:41,0
DA:43,13
DA:44,13
DA:45,13
DA:46,13
DA:47,13
DA:49,0
DA:51,13
DA:55,33
DA:56,9
DA:59,33
DA:61,33
DA:62,2
DA:63,2
DA:64,2
DA:65,1
DA:70,1
DA:72,1
DA:79,1
DA:81,2
DA:82,2
DA:84,0
DA:87,0
DA:89,2
DA:93,33
DA:94,1
DA:95,1
DA:96,1
DA:97,1
DA:99,0
DA:103,33
DA:104,1
DA:105,1
DA:106,1
DA:107,1
DA:108,1
DA:109,1
DA:111,0
DA:115,33
DA:116,2
DA:117,2
DA:118,2
DA:121,33
DA:122,2
DA:123,2
DA:124,2
DA:127,33
LF:67
LH:60
BRDA:43,0,0,13
BRDA:43,0,1,0
BRDA:44,1,0,13
BRDA:44,1,1,0
BRDA:45,2,0,13
BRDA:45,2,1,0
BRDA:46,3,0,13
BRDA:46,3,1,0
BRDA:47,4,0,13
BRDA:47,4,1,0
BRDA:64,5,0,1
BRDA:64,5,1,1
BRDA:68,6,0,1
BRDA:68,6,1,1
BRDA:77,7,0,1
BRDA:77,7,1,1
BRDA:84,8,0,0
BRDA:84,8,1,0
BRDA:84,9,0,0
BRDA:84,9,1,0
BRDA:96,10,0,1
BRDA:96,10,1,0
BRDA:104,11,0,0
BRDA:104,11,1,1
BRDA:123,12,0,2
BRDA:123,12,1,0
BRDA:123,13,0,2
BRDA:123,13,1,2
BRF:28
BRH:16
end_of_record
TN:
SF:src\presentation\router\RoleGuard.tsx
FN:10,RoleGuard
FNF:1
FNH:1
FNDA:8,RoleGuard
DA:11,8
DA:13,8
DA:15,3
DA:16,1
DA:19,2
LF:5
LH:5
BRDA:13,0,0,5
BRDA:13,0,1,3
BRDA:15,1,0,1
BRDA:15,1,1,2
BRF:4
BRH:4
end_of_record
TN:
SF:src\presentation\router\index.tsx
FNF:0
FNH:0
DA:17,0
LF:1
LH:0
BRF:0
BRH:0
end_of_record
